<?xml version="1.0" encoding="UTF-8"?>
<!-- Generated by org.testng.reporters.JUnitXMLReporter -->
<testsuite ignored="0" hostname="DESKTOP-0BGE448" failures="3" tests="5" name="Test" time="13.768" errors="0" timestamp="31 Jan 2022 18:42:16 GMT">
  <testcase classname="TestCases.AddPayeeDatadriven" name="login" time="2.151"/>
  <testcase classname="TestCases.AddPayeeDatadriven" name="addPayee" time="1.14"/>
  <testcase classname="TestCases.AddPayeeDatadriven" name="addPayee" time="0.937">
    <failure type="java.lang.AssertionError" message="expected [The new payee Payee1 was successfully created.] but found [The new payee Payee2 was successfully created.]">
      <![CDATA[java.lang.AssertionError: expected [The new payee Payee1 was successfully created.] but found [The new payee Payee2 was successfully created.]
	at TestCases.AddPayeeDatadriven.addPayee(AddPayeeDatadriven.java:83)
... Removed 31 stack frames]]>
    </failure>
  </testcase> <!-- addPayee -->
  <testcase classname="TestCases.AddPayeeDatadriven" name="addPayee" time="0.909">
    <failure type="java.lang.AssertionError" message="expected [The new payee Payee1 was successfully created.] but found [The new payee Payee3 was successfully created.]">
      <![CDATA[java.lang.AssertionError: expected [The new payee Payee1 was successfully created.] but found [The new payee Payee3 was successfully created.]
	at TestCases.AddPayeeDatadriven.addPayee(AddPayeeDatadriven.java:83)
... Removed 31 stack frames]]>
    </failure>
  </testcase> <!-- addPayee -->
  <testcase classname="TestCases.AddPayeeDatadriven" name="addPayee" time="0.938">
    <failure type="java.lang.AssertionError" message="expected [The new payee Payee1 was successfully created.] but found [The new payee Payee4 was successfully created.]">
      <![CDATA[java.lang.AssertionError: expected [The new payee Payee1 was successfully created.] but found [The new payee Payee4 was successfully created.]
	at TestCases.AddPayeeDatadriven.addPayee(AddPayeeDatadriven.java:83)
... Removed 31 stack frames]]>
    </failure>
  </testcase> <!-- addPayee -->
</testsuite> <!-- Test -->
