<?xml version="1.0" encoding="UTF-8"?>
<testsuite xmlns:xsi="http://www.w3.org/2001/XMLSchema-instance" xsi:noNamespaceSchemaLocation="https://maven.apache.org/surefire/maven-surefire-plugin/xsd/surefire-test-report-3.0.xsd" version="3.0" name="TestSuite" time="22.881" tests="5" errors="0" skipped="0" failures="3">
  <properties>
[...]
</properties>
  <testcase name="login" classname="TestCases.AddPayeeDatadriven" time="5.542"/>
  <testcase name="addPayee" classname="TestCases.AddPayeeDatadriven" time="2.657"/>
  <testcase name="addPayee" classname="TestCases.AddPayeeDatadriven" time="1.971">
    <failure message="expected [The new payee Payee1 was successfully created.] but found [The new payee Payee2 was successfully created.]" type="java.lang.AssertionError"><![CDATA[java.lang.AssertionError: expected [The new payee Payee1 was successfully created.] but found [The new payee Payee2 was successfully created.]
	at TestCases.AddPayeeDatadriven.addPayee(AddPayeeDatadriven.java:83)
]]></failure>
  </testcase>
  <testcase name="addPayee" classname="TestCases.AddPayeeDatadriven" time="1.768">
    <failure message="expected [The new payee Payee1 was successfully created.] but found [The new payee Payee3 was successfully created.]" type="java.lang.AssertionError"><![CDATA[java.lang.AssertionError: expected [The new payee Payee1 was successfully created.] but found [The new payee Payee3 was successfully created.]
	at TestCases.AddPayeeDatadriven.addPayee(AddPayeeDatadriven.java:83)
]]></failure>
  </testcase>
  <testcase name="addPayee" classname="TestCases.AddPayeeDatadriven" time="1.669">
    <failure message="expected [The new payee Payee1 was successfully created.] but found [The new payee Payee4 was successfully created.]" type="java.lang.AssertionError"><![CDATA[java.lang.AssertionError: expected [The new payee Payee1 was successfully created.] but found [The new payee Payee4 was successfully created.]
	at TestCases.AddPayeeDatadriven.addPayee(AddPayeeDatadriven.java:83)
]]></failure>
  </testcase>
</testsuite>